<?xml version="1.0" encoding="UTF-8"?>
<testng-results ignored="0" total="9" passed="9" failed="0" skipped="0">
  <reporter-output>
  </reporter-output>
  <suite started-at="2024-01-12T00:01:03 IST" name="Default suite" finished-at="2024-01-12T00:01:49 IST" duration-ms="45646">
    <groups>
    </groups>
    <test started-at="2024-01-12T00:01:03 IST" name="Default test" finished-at="2024-01-12T00:01:49 IST" duration-ms="45646">
      <class name="Selenium_1.Project_1_M">
        <test-method signature="Setup()[pri:1, instance:Selenium_1.Project_1_M@25084a1e]" started-at="2024-01-12T00:01:03 IST" name="Setup" finished-at="2024-01-12T00:01:05 IST" duration-ms="2193" status="PASS">
          <reporter-output>
          </reporter-output>
        </test-method> <!-- Setup -->
        <test-method signature="login_test()[pri:2, instance:Selenium_1.Project_1_M@25084a1e]" started-at="2024-01-12T00:01:05 IST" name="login_test" finished-at="2024-01-12T00:01:13 IST" duration-ms="7369" status="PASS">
          <reporter-output>
          </reporter-output>
        </test-method> <!-- login_test -->
        <test-method signature="basket()[pri:3, instance:Selenium_1.Project_1_M@25084a1e]" started-at="2024-01-12T00:01:13 IST" name="basket" finished-at="2024-01-12T00:01:22 IST" duration-ms="9154" status="PASS">
          <reporter-output>
          </reporter-output>
        </test-method> <!-- basket -->
        <test-method signature="view_cart()[pri:4, instance:Selenium_1.Project_1_M@25084a1e]" started-at="2024-01-12T00:01:22 IST" name="view_cart" finished-at="2024-01-12T00:01:22 IST" duration-ms="72" status="PASS">
          <reporter-output>
          </reporter-output>
        </test-method> <!-- view_cart -->
        <test-method signature="check_out()[pri:5, instance:Selenium_1.Project_1_M@25084a1e]" started-at="2024-01-12T00:01:22 IST" name="check_out" finished-at="2024-01-12T00:01:22 IST" duration-ms="73" status="PASS">
          <reporter-output>
          </reporter-output>
        </test-method> <!-- check_out -->
        <test-method signature="address()[pri:6, instance:Selenium_1.Project_1_M@25084a1e]" started-at="2024-01-12T00:01:22 IST" name="address" finished-at="2024-01-12T00:01:35 IST" duration-ms="12438" status="PASS">
          <reporter-output>
          </reporter-output>
        </test-method> <!-- address -->
        <test-method signature="place_order()[pri:7, instance:Selenium_1.Project_1_M@25084a1e]" started-at="2024-01-12T00:01:35 IST" name="place_order" finished-at="2024-01-12T00:01:40 IST" duration-ms="5073" status="PASS">
          <reporter-output>
          </reporter-output>
        </test-method> <!-- place_order -->
        <test-method signature="backhome()[pri:8, instance:Selenium_1.Project_1_M@25084a1e]" started-at="2024-01-12T00:01:40 IST" name="backhome" finished-at="2024-01-12T00:01:49 IST" duration-ms="9077" status="PASS">
          <reporter-output>
          </reporter-output>
        </test-method> <!-- backhome -->
        <test-method signature="closed()[pri:9, instance:Selenium_1.Project_1_M@25084a1e]" started-at="2024-01-12T00:01:49 IST" name="closed" finished-at="2024-01-12T00:01:49 IST" duration-ms="156" status="PASS">
          <reporter-output>
          </reporter-output>
        </test-method> <!-- closed -->
      </class> <!-- Selenium_1.Project_1_M -->
    </test> <!-- Default test -->
  </suite> <!-- Default suite -->
</testng-results>
